<?xml version="1.0" encoding="UTF-8"?>
<!-- Generated by org.testng.reporters.JUnitXMLReporter -->
<testsuite ignored="0" hostname="DESKTOP-DNV1H71" failures="0" tests="3" name="Default test" time="44.836" errors="0" timestamp="2020-03-09T21:23:47 IST">
  <testcase classname="mavenprac.vaslogintest.usertest" name="t1" time="29.321"/>
  <testcase classname="mavenprac.vaslogintest.usertest" name="t2" time="3.369"/>
  <testcase classname="mavenprac.vaslogintest.usertest" name="t3" time="0.57"/>
</testsuite> <!-- Default test -->
